Liste des transitions
Nom de la transition = t2 	NbpE = 1 	NbpS = 1 	action =  	predicat = not(Po)
Nom de l'arc= p1 	Poids = 1
Nom de l'arc= p2 	Poids = 1
Nom de la transition = t1 	NbpE = 1 	NbpS = 1 	action =  	predicat = Accept and not(Po)
Nom de l'arc= p1 	Poids = 1
Nom de l'arc= p0 	Poids = 1
Nom de la transition = t0 	NbpE = 1 	NbpS = 1 	action =  	predicat = not(Po)
Nom de l'arc= p0 	Poids = 1
Nom de l'arc= p1 	Poids = 1
Nom de la transition = t4 	NbpE = 1 	NbpS = 1 	action =  	predicat = not(Accept)
Nom de l'arc= p2 	Poids = 1
Nom de l'arc= p0 	Poids = 1
Nom de la transition = t3 	NbpE = 1 	NbpS = 1 	action =  	predicat = Cancel and Po
Nom de l'arc= p2 	Poids = 1
Nom de l'arc= p0 	Poids = 1
Nom de la transition = t5 	NbpE = 1 	NbpS = 1 	action =  	predicat = not(Cancel)
Nom de l'arc= p2 	Poids = 1
Nom de l'arc= p1 	Poids = 1
Liste des places
Nom de la place= p0 	Mo = 0 	nbActions = 3
Nom de l'action= Alarme 
Nom de l'action= Sens 
Nom de l'action= Moteur 
Nom de la place= p2 	Mo = 0 	nbActions = 2
Nom de l'action= Alarme 
Nom de l'action= Sens 
Nom de la place= p1 	Mo = 0 	nbActions = 2
Nom de l'action= Sens 
Nom de l'action= Moteur 
